<?xml version="1.0" encoding="UTF-8"?>
<testsuite xmlns:xsi="http://www.w3.org/2001/XMLSchema-instance" xsi:noNamespaceSchemaLocation="https://maven.apache.org/surefire/maven-surefire-plugin/xsd/surefire-test-report.xsd" version="3.0.1" name="de.emil.pr3.InputReaderTest" time="0.023" tests="3" errors="0" skipped="0" failures="0">
  <properties>
[...]
</properties>
  <testcase name="testReadPositiveInteger_validInput" classname="de.emil.pr3.InputReaderTest" time="0.008"/>
  <testcase name="testReadPositiveInteger_negativeThenValid" classname="de.emil.pr3.InputReaderTest" time="0.007">
    <system-out><![CDATA[You entered a negative integer. Please try again.
]]></system-out>
  </testcase>
  <testcase name="testReadPositiveInteger_nonNumberThenValid" classname="de.emil.pr3.InputReaderTest" time="0.002">
    <system-out><![CDATA[Error – Please enter an integer value
]]></system-out>
  </testcase>
</testsuite>