<?xml version="1.0" encoding="UTF-8"?>
<testsuite xmlns:xsi="http://www.w3.org/2001/XMLSchema-instance" xsi:noNamespaceSchemaLocation="https://maven.apache.org/surefire/maven-surefire-plugin/xsd/surefire-test-report.xsd" version="3.0.1" name="de.emil.pr3.EmployeeDatabankTest" time="2.019" tests="18" errors="0" skipped="0" failures="0">
  <properties>
[...]
</properties>
  <testcase name="createNewEmployee_shouldFailOnNullFirstName" classname="de.emil.pr3.EmployeeDatabankTest" time="0.263">
    <system-err><![CDATA[[main] INFO org.jooq.Constants - 
                                      
@@@@@@@@@@@@@@@@@@@@@@@@@@@@@@@@@@@@@@
@@@@@@@@@@@@@@@@@@@@@@@@@@@@@@@@@@@@@@
@@@@@@@@@@@@@@@@  @@        @@@@@@@@@@
@@@@@@@@@@@@@@@@@@@@        @@@@@@@@@@
@@@@@@@@@@@@@@@@  @@  @@    @@@@@@@@@@
@@@@@@@@@@  @@@@  @@  @@    @@@@@@@@@@
@@@@@@@@@@        @@        @@@@@@@@@@
@@@@@@@@@@@@@@@@@@@@@@@@@@@@@@@@@@@@@@
@@@@@@@@@@@@@@@@@@@@@@@@@@@@@@@@@@@@@@
@@@@@@@@@@        @@        @@@@@@@@@@
@@@@@@@@@@    @@  @@  @@@@  @@@@@@@@@@
@@@@@@@@@@    @@  @@  @@@@  @@@@@@@@@@
@@@@@@@@@@        @@  @  @  @@@@@@@@@@
@@@@@@@@@@        @@        @@@@@@@@@@
@@@@@@@@@@@@@@@@@@@@@@@  @@@@@@@@@@@@@
@@@@@@@@@@@@@@@@@@@@@@@@@@@@@@@@@@@@@@
@@@@@@@@@@@@@@@@@@@@@@@@@@@@@@@@@@@@@@  Thank you for using jOOQ 3.19.10 (Build date: 2024-06-14T07:35:03Z)
                                      
[main] INFO org.jooq.Constants - 

jOOQ tip of the day: Don't want tips? Use the -Dorg.jooq.no-tips=true system property

[main] INFO org.jooq.impl.DefaultExecuteContext.logVersionSupport - Version                  : Database version is supported by dialect SQLITE: 3.45.1
]]></system-err>
  </testcase>
  <testcase name="updateWorkHoursCapacity_shouldFailOnNegativeCapacity" classname="de.emil.pr3.EmployeeDatabankTest" time="0.441"/>
  <testcase name="createNewEmployee_shouldFailOnNullLastName" classname="de.emil.pr3.EmployeeDatabankTest" time="0.015"/>
  <testcase name="createNewEmployee_shouldFailOnEmptyFirstName" classname="de.emil.pr3.EmployeeDatabankTest" time="0.014"/>
  <testcase name="idIsValidAndExists_shouldReturnFalseIfIdZero" classname="de.emil.pr3.EmployeeDatabankTest" time="0.017"/>
  <testcase name="deleteEmployeeById_shouldDeleteAndReturnEmployee" classname="de.emil.pr3.EmployeeDatabankTest" time="0.101"/>
  <testcase name="updateWorkHoursCapacity_shouldFailOnCapacityAboveSixty" classname="de.emil.pr3.EmployeeDatabankTest" time="0.02"/>
  <testcase name="updateWorkHoursCapacity_shouldFailIfEmployeeNotFound" classname="de.emil.pr3.EmployeeDatabankTest" time="0.016"/>
  <testcase name="idIsValidAndExists_shouldReturnFalseForMissingId" classname="de.emil.pr3.EmployeeDatabankTest" time="0.017"/>
  <testcase name="updateWorkHoursCapacity_shouldUpdateValue" classname="de.emil.pr3.EmployeeDatabankTest" time="0.061"/>
  <testcase name="deleteEmployeeById_shouldFailIfIdNegative" classname="de.emil.pr3.EmployeeDatabankTest" time="0.015"/>
  <testcase name="createNewEmployee_shouldFailOnEmptyLastName" classname="de.emil.pr3.EmployeeDatabankTest" time="0.013"/>
  <testcase name="findAllEmployeesSortedById_shouldReturnSortedList" classname="de.emil.pr3.EmployeeDatabankTest" time="0.031"/>
  <testcase name="findAllEmployeesSortedById_shouldReturnFullList" classname="de.emil.pr3.EmployeeDatabankTest" time="0.019"/>
  <testcase name="idIsValidAndExists_shouldReturnFalseForNegativeId" classname="de.emil.pr3.EmployeeDatabankTest" time="0.025"/>
  <testcase name="createNewEmployee_shouldCreateAndInsertEmployee" classname="de.emil.pr3.EmployeeDatabankTest" time="0.1"/>
  <testcase name="idIsValidAndExists_shouldReturnTrueForExistingId" classname="de.emil.pr3.EmployeeDatabankTest" time="0.023"/>
  <testcase name="deleteEmployeeById_shouldFailIfIdNotFound" classname="de.emil.pr3.EmployeeDatabankTest" time="0.015"/>
</testsuite>